<?xml version="1.0" encoding="UTF-8"?>
<testsuite xmlns:xsi="http://www.w3.org/2001/XMLSchema-instance" xsi:noNamespaceSchemaLocation="https://maven.apache.org/surefire/maven-surefire-plugin/xsd/surefire-test-report-3.0.xsd" version="3.0" name="com.municipal.controller.SecretariaControllerTest" time="51.105" tests="1" errors="0" skipped="0" failures="0">
  <properties>
    <property name="java.specification.version" value="21"/>
    <property name="sun.cpu.isalist" value="amd64"/>
    <property name="sun.jnu.encoding" value="Cp1252"/>
    <property name="java.class.path" value="C:\Code\municipal-system\backend\target\test-classes;C:\Code\municipal-system\backend\target\classes;C:\Users\andre\.m2\repository\org\springframework\boot\spring-boot-starter-web\3.2.0\spring-boot-starter-web-3.2.0.jar;C:\Users\andre\.m2\repository\org\springframework\boot\spring-boot-starter\3.2.0\spring-boot-starter-3.2.0.jar;C:\Users\andre\.m2\repository\org\springframework\boot\spring-boot-starter-logging\3.2.0\spring-boot-starter-logging-3.2.0.jar;C:\Users\andre\.m2\repository\ch\qos\logback\logback-classic\1.4.11\logback-classic-1.4.11.jar;C:\Users\andre\.m2\repository\ch\qos\logback\logback-core\1.4.11\logback-core-1.4.11.jar;C:\Users\andre\.m2\repository\org\apache\logging\log4j\log4j-to-slf4j\2.21.1\log4j-to-slf4j-2.21.1.jar;C:\Users\andre\.m2\repository\org\apache\logging\log4j\log4j-api\2.21.1\log4j-api-2.21.1.jar;C:\Users\andre\.m2\repository\org\slf4j\jul-to-slf4j\2.0.9\jul-to-slf4j-2.0.9.jar;C:\Users\andre\.m2\repository\jakarta\annotation\jakarta.annotation-api\2.1.1\jakarta.annotation-api-2.1.1.jar;C:\Users\andre\.m2\repository\org\yaml\snakeyaml\2.2\snakeyaml-2.2.jar;C:\Users\andre\.m2\repository\org\springframework\boot\spring-boot-starter-json\3.2.0\spring-boot-starter-json-3.2.0.jar;C:\Users\andre\.m2\repository\com\fasterxml\jackson\core\jackson-databind\2.15.3\jackson-databind-2.15.3.jar;C:\Users\andre\.m2\repository\com\fasterxml\jackson\core\jackson-annotations\2.15.3\jackson-annotations-2.15.3.jar;C:\Users\andre\.m2\repository\com\fasterxml\jackson\core\jackson-core\2.15.3\jackson-core-2.15.3.jar;C:\Users\andre\.m2\repository\com\fasterxml\jackson\datatype\jackson-datatype-jdk8\2.15.3\jackson-datatype-jdk8-2.15.3.jar;C:\Users\andre\.m2\repository\com\fasterxml\jackson\datatype\jackson-datatype-jsr310\2.15.3\jackson-datatype-jsr310-2.15.3.jar;C:\Users\andre\.m2\repository\com\fasterxml\jackson\module\jackson-module-parameter-names\2.15.3\jackson-module-parameter-names-2.15.3.jar;C:\Users\andre\.m2\repository\org\springframework\boot\spring-boot-starter-tomcat\3.2.0\spring-boot-starter-tomcat-3.2.0.jar;C:\Users\andre\.m2\repository\org\apache\tomcat\embed\tomcat-embed-core\10.1.16\tomcat-embed-core-10.1.16.jar;C:\Users\andre\.m2\repository\org\apache\tomcat\embed\tomcat-embed-websocket\10.1.16\tomcat-embed-websocket-10.1.16.jar;C:\Users\andre\.m2\repository\org\springframework\spring-web\6.1.1\spring-web-6.1.1.jar;C:\Users\andre\.m2\repository\org\springframework\spring-beans\6.1.1\spring-beans-6.1.1.jar;C:\Users\andre\.m2\repository\io\micrometer\micrometer-observation\1.12.0\micrometer-observation-1.12.0.jar;C:\Users\andre\.m2\repository\io\micrometer\micrometer-commons\1.12.0\micrometer-commons-1.12.0.jar;C:\Users\andre\.m2\repository\org\springframework\spring-webmvc\6.1.1\spring-webmvc-6.1.1.jar;C:\Users\andre\.m2\repository\org\springframework\spring-aop\6.1.1\spring-aop-6.1.1.jar;C:\Users\andre\.m2\repository\org\springframework\spring-context\6.1.1\spring-context-6.1.1.jar;C:\Users\andre\.m2\repository\org\springframework\spring-expression\6.1.1\spring-expression-6.1.1.jar;C:\Users\andre\.m2\repository\org\springframework\boot\spring-boot-starter-data-mongodb\3.2.0\spring-boot-starter-data-mongodb-3.2.0.jar;C:\Users\andre\.m2\repository\org\mongodb\mongodb-driver-sync\4.11.1\mongodb-driver-sync-4.11.1.jar;C:\Users\andre\.m2\repository\org\mongodb\bson\4.11.1\bson-4.11.1.jar;C:\Users\andre\.m2\repository\org\mongodb\mongodb-driver-core\4.11.1\mongodb-driver-core-4.11.1.jar;C:\Users\andre\.m2\repository\org\mongodb\bson-record-codec\4.11.1\bson-record-codec-4.11.1.jar;C:\Users\andre\.m2\repository\org\springframework\data\spring-data-mongodb\4.2.0\spring-data-mongodb-4.2.0.jar;C:\Users\andre\.m2\repository\org\springframework\spring-tx\6.1.1\spring-tx-6.1.1.jar;C:\Users\andre\.m2\repository\org\springframework\data\spring-data-commons\3.2.0\spring-data-commons-3.2.0.jar;C:\Users\andre\.m2\repository\org\slf4j\slf4j-api\2.0.9\slf4j-api-2.0.9.jar;C:\Users\andre\.m2\repository\org\springframework\boot\spring-boot-starter-validation\3.2.0\spring-boot-starter-validation-3.2.0.jar;C:\Users\andre\.m2\repository\org\apache\tomcat\embed\tomcat-embed-el\10.1.16\tomcat-embed-el-10.1.16.jar;C:\Users\andre\.m2\repository\org\hibernate\validator\hibernate-validator\8.0.1.Final\hibernate-validator-8.0.1.Final.jar;C:\Users\andre\.m2\repository\jakarta\validation\jakarta.validation-api\3.0.2\jakarta.validation-api-3.0.2.jar;C:\Users\andre\.m2\repository\org\jboss\logging\jboss-logging\3.5.3.Final\jboss-logging-3.5.3.Final.jar;C:\Users\andre\.m2\repository\com\fasterxml\classmate\1.6.0\classmate-1.6.0.jar;C:\Users\andre\.m2\repository\org\springframework\boot\spring-boot-devtools\3.2.0\spring-boot-devtools-3.2.0.jar;C:\Users\andre\.m2\repository\org\springframework\boot\spring-boot\3.2.0\spring-boot-3.2.0.jar;C:\Users\andre\.m2\repository\org\springframework\boot\spring-boot-autoconfigure\3.2.0\spring-boot-autoconfigure-3.2.0.jar;C:\Users\andre\.m2\repository\org\springframework\boot\spring-boot-starter-test\3.2.0\spring-boot-starter-test-3.2.0.jar;C:\Users\andre\.m2\repository\org\springframework\boot\spring-boot-test\3.2.0\spring-boot-test-3.2.0.jar;C:\Users\andre\.m2\repository\org\springframework\boot\spring-boot-test-autoconfigure\3.2.0\spring-boot-test-autoconfigure-3.2.0.jar;C:\Users\andre\.m2\repository\com\jayway\jsonpath\json-path\2.8.0\json-path-2.8.0.jar;C:\Users\andre\.m2\repository\jakarta\xml\bind\jakarta.xml.bind-api\4.0.1\jakarta.xml.bind-api-4.0.1.jar;C:\Users\andre\.m2\repository\jakarta\activation\jakarta.activation-api\2.1.2\jakarta.activation-api-2.1.2.jar;C:\Users\andre\.m2\repository\net\minidev\json-smart\2.5.0\json-smart-2.5.0.jar;C:\Users\andre\.m2\repository\net\minidev\accessors-smart\2.5.0\accessors-smart-2.5.0.jar;C:\Users\andre\.m2\repository\org\ow2\asm\asm\9.3\asm-9.3.jar;C:\Users\andre\.m2\repository\org\assertj\assertj-core\3.24.2\assertj-core-3.24.2.jar;C:\Users\andre\.m2\repository\net\bytebuddy\byte-buddy\1.14.10\byte-buddy-1.14.10.jar;C:\Users\andre\.m2\repository\org\awaitility\awaitility\4.2.0\awaitility-4.2.0.jar;C:\Users\andre\.m2\repository\org\hamcrest\hamcrest\2.2\hamcrest-2.2.jar;C:\Users\andre\.m2\repository\org\junit\jupiter\junit-jupiter\5.10.1\junit-jupiter-5.10.1.jar;C:\Users\andre\.m2\repository\org\junit\jupiter\junit-jupiter-api\5.10.1\junit-jupiter-api-5.10.1.jar;C:\Users\andre\.m2\repository\org\opentest4j\opentest4j\1.3.0\opentest4j-1.3.0.jar;C:\Users\andre\.m2\repository\org\junit\platform\junit-platform-commons\1.10.1\junit-platform-commons-1.10.1.jar;C:\Users\andre\.m2\repository\org\apiguardian\apiguardian-api\1.1.2\apiguardian-api-1.1.2.jar;C:\Users\andre\.m2\repository\org\junit\jupiter\junit-jupiter-params\5.10.1\junit-jupiter-params-5.10.1.jar;C:\Users\andre\.m2\repository\org\junit\jupiter\junit-jupiter-engine\5.10.1\junit-jupiter-engine-5.10.1.jar;C:\Users\andre\.m2\repository\org\junit\platform\junit-platform-engine\1.10.1\junit-platform-engine-1.10.1.jar;C:\Users\andre\.m2\repository\org\mockito\mockito-core\5.7.0\mockito-core-5.7.0.jar;C:\Users\andre\.m2\repository\net\bytebuddy\byte-buddy-agent\1.14.10\byte-buddy-agent-1.14.10.jar;C:\Users\andre\.m2\repository\org\objenesis\objenesis\3.3\objenesis-3.3.jar;C:\Users\andre\.m2\repository\org\mockito\mockito-junit-jupiter\5.7.0\mockito-junit-jupiter-5.7.0.jar;C:\Users\andre\.m2\repository\org\skyscreamer\jsonassert\1.5.1\jsonassert-1.5.1.jar;C:\Users\andre\.m2\repository\com\vaadin\external\google\android-json\0.0.20131108.vaadin1\android-json-0.0.20131108.vaadin1.jar;C:\Users\andre\.m2\repository\org\springframework\spring-core\6.1.1\spring-core-6.1.1.jar;C:\Users\andre\.m2\repository\org\springframework\spring-jcl\6.1.1\spring-jcl-6.1.1.jar;C:\Users\andre\.m2\repository\org\springframework\spring-test\6.1.1\spring-test-6.1.1.jar;C:\Users\andre\.m2\repository\org\xmlunit\xmlunit-core\2.9.1\xmlunit-core-2.9.1.jar;C:\Users\andre\.m2\repository\de\flapdoodle\embed\de.flapdoodle.embed.mongo.spring3x\4.11.0\de.flapdoodle.embed.mongo.spring3x-4.11.0.jar;C:\Users\andre\.m2\repository\de\flapdoodle\embed\de.flapdoodle.embed.mongo\4.11.1\de.flapdoodle.embed.mongo-4.11.1.jar;C:\Users\andre\.m2\repository\de\flapdoodle\embed\de.flapdoodle.embed.process\4.10.1\de.flapdoodle.embed.process-4.10.1.jar;C:\Users\andre\.m2\repository\de\flapdoodle\reverse\de.flapdoodle.reverse\1.7.2\de.flapdoodle.reverse-1.7.2.jar;C:\Users\andre\.m2\repository\de\flapdoodle\graph\de.flapdoodle.graph\1.3.3\de.flapdoodle.graph-1.3.3.jar;C:\Users\andre\.m2\repository\org\jgrapht\jgrapht-core\1.4.0\jgrapht-core-1.4.0.jar;C:\Users\andre\.m2\repository\org\jheaps\jheaps\0.11\jheaps-0.11.jar;C:\Users\andre\.m2\repository\de\flapdoodle\java8\de.flapdoodle.java8\1.4.2\de.flapdoodle.java8-1.4.2.jar;C:\Users\andre\.m2\repository\org\apache\commons\commons-lang3\3.13.0\commons-lang3-3.13.0.jar;C:\Users\andre\.m2\repository\org\apache\commons\commons-compress\1.25.0\commons-compress-1.25.0.jar;C:\Users\andre\.m2\repository\net\java\dev\jna\jna\5.13.0\jna-5.13.0.jar;C:\Users\andre\.m2\repository\net\java\dev\jna\jna-platform\5.13.0\jna-platform-5.13.0.jar;C:\Users\andre\.m2\repository\de\flapdoodle\de.flapdoodle.os-api\1.4.1\de.flapdoodle.os-api-1.4.1.jar;C:\Users\andre\.m2\repository\de\flapdoodle\embed\de.flapdoodle.embed.mongo.packageresolver\4.10.2\de.flapdoodle.embed.mongo.packageresolver-4.10.2.jar;C:\Users\andre\.m2\repository\de\flapdoodle\de.flapdoodle.os\1.5.3\de.flapdoodle.os-1.5.3.jar;"/>
    <property name="java.vm.vendor" value="Oracle Corporation"/>
    <property name="sun.arch.data.model" value="64"/>
    <property name="user.variant" value=""/>
    <property name="java.vendor.url" value="https://java.oracle.com/"/>
    <property name="user.timezone" value="America/Fortaleza"/>
    <property name="org.jboss.logging.provider" value="slf4j"/>
    <property name="os.name" value="Windows 11"/>
    <property name="java.vm.specification.version" value="21"/>
    <property name="sun.java.launcher" value="SUN_STANDARD"/>
    <property name="user.country" value="BR"/>
    <property name="sun.boot.library.path" value="C:\Program Files\Java\jdk-21\bin"/>
    <property name="sun.java.command" value="C:\Users\andre\AppData\Local\Temp\surefire12451732369882551689\surefirebooter-20250620161304674_3.jar C:\Users\andre\AppData\Local\Temp\surefire12451732369882551689 2025-06-20T16-13-04_559-jvmRun1 surefire-20250620161304674_1tmp surefire_0-20250620161304674_2tmp"/>
    <property name="jdk.debug" value="release"/>
    <property name="test" value="SecretariaControllerTest#updateSecretaria_Success"/>
    <property name="surefire.test.class.path" value="C:\Code\municipal-system\backend\target\test-classes;C:\Code\municipal-system\backend\target\classes;C:\Users\andre\.m2\repository\org\springframework\boot\spring-boot-starter-web\3.2.0\spring-boot-starter-web-3.2.0.jar;C:\Users\andre\.m2\repository\org\springframework\boot\spring-boot-starter\3.2.0\spring-boot-starter-3.2.0.jar;C:\Users\andre\.m2\repository\org\springframework\boot\spring-boot-starter-logging\3.2.0\spring-boot-starter-logging-3.2.0.jar;C:\Users\andre\.m2\repository\ch\qos\logback\logback-classic\1.4.11\logback-classic-1.4.11.jar;C:\Users\andre\.m2\repository\ch\qos\logback\logback-core\1.4.11\logback-core-1.4.11.jar;C:\Users\andre\.m2\repository\org\apache\logging\log4j\log4j-to-slf4j\2.21.1\log4j-to-slf4j-2.21.1.jar;C:\Users\andre\.m2\repository\org\apache\logging\log4j\log4j-api\2.21.1\log4j-api-2.21.1.jar;C:\Users\andre\.m2\repository\org\slf4j\jul-to-slf4j\2.0.9\jul-to-slf4j-2.0.9.jar;C:\Users\andre\.m2\repository\jakarta\annotation\jakarta.annotation-api\2.1.1\jakarta.annotation-api-2.1.1.jar;C:\Users\andre\.m2\repository\org\yaml\snakeyaml\2.2\snakeyaml-2.2.jar;C:\Users\andre\.m2\repository\org\springframework\boot\spring-boot-starter-json\3.2.0\spring-boot-starter-json-3.2.0.jar;C:\Users\andre\.m2\repository\com\fasterxml\jackson\core\jackson-databind\2.15.3\jackson-databind-2.15.3.jar;C:\Users\andre\.m2\repository\com\fasterxml\jackson\core\jackson-annotations\2.15.3\jackson-annotations-2.15.3.jar;C:\Users\andre\.m2\repository\com\fasterxml\jackson\core\jackson-core\2.15.3\jackson-core-2.15.3.jar;C:\Users\andre\.m2\repository\com\fasterxml\jackson\datatype\jackson-datatype-jdk8\2.15.3\jackson-datatype-jdk8-2.15.3.jar;C:\Users\andre\.m2\repository\com\fasterxml\jackson\datatype\jackson-datatype-jsr310\2.15.3\jackson-datatype-jsr310-2.15.3.jar;C:\Users\andre\.m2\repository\com\fasterxml\jackson\module\jackson-module-parameter-names\2.15.3\jackson-module-parameter-names-2.15.3.jar;C:\Users\andre\.m2\repository\org\springframework\boot\spring-boot-starter-tomcat\3.2.0\spring-boot-starter-tomcat-3.2.0.jar;C:\Users\andre\.m2\repository\org\apache\tomcat\embed\tomcat-embed-core\10.1.16\tomcat-embed-core-10.1.16.jar;C:\Users\andre\.m2\repository\org\apache\tomcat\embed\tomcat-embed-websocket\10.1.16\tomcat-embed-websocket-10.1.16.jar;C:\Users\andre\.m2\repository\org\springframework\spring-web\6.1.1\spring-web-6.1.1.jar;C:\Users\andre\.m2\repository\org\springframework\spring-beans\6.1.1\spring-beans-6.1.1.jar;C:\Users\andre\.m2\repository\io\micrometer\micrometer-observation\1.12.0\micrometer-observation-1.12.0.jar;C:\Users\andre\.m2\repository\io\micrometer\micrometer-commons\1.12.0\micrometer-commons-1.12.0.jar;C:\Users\andre\.m2\repository\org\springframework\spring-webmvc\6.1.1\spring-webmvc-6.1.1.jar;C:\Users\andre\.m2\repository\org\springframework\spring-aop\6.1.1\spring-aop-6.1.1.jar;C:\Users\andre\.m2\repository\org\springframework\spring-context\6.1.1\spring-context-6.1.1.jar;C:\Users\andre\.m2\repository\org\springframework\spring-expression\6.1.1\spring-expression-6.1.1.jar;C:\Users\andre\.m2\repository\org\springframework\boot\spring-boot-starter-data-mongodb\3.2.0\spring-boot-starter-data-mongodb-3.2.0.jar;C:\Users\andre\.m2\repository\org\mongodb\mongodb-driver-sync\4.11.1\mongodb-driver-sync-4.11.1.jar;C:\Users\andre\.m2\repository\org\mongodb\bson\4.11.1\bson-4.11.1.jar;C:\Users\andre\.m2\repository\org\mongodb\mongodb-driver-core\4.11.1\mongodb-driver-core-4.11.1.jar;C:\Users\andre\.m2\repository\org\mongodb\bson-record-codec\4.11.1\bson-record-codec-4.11.1.jar;C:\Users\andre\.m2\repository\org\springframework\data\spring-data-mongodb\4.2.0\spring-data-mongodb-4.2.0.jar;C:\Users\andre\.m2\repository\org\springframework\spring-tx\6.1.1\spring-tx-6.1.1.jar;C:\Users\andre\.m2\repository\org\springframework\data\spring-data-commons\3.2.0\spring-data-commons-3.2.0.jar;C:\Users\andre\.m2\repository\org\slf4j\slf4j-api\2.0.9\slf4j-api-2.0.9.jar;C:\Users\andre\.m2\repository\org\springframework\boot\spring-boot-starter-validation\3.2.0\spring-boot-starter-validation-3.2.0.jar;C:\Users\andre\.m2\repository\org\apache\tomcat\embed\tomcat-embed-el\10.1.16\tomcat-embed-el-10.1.16.jar;C:\Users\andre\.m2\repository\org\hibernate\validator\hibernate-validator\8.0.1.Final\hibernate-validator-8.0.1.Final.jar;C:\Users\andre\.m2\repository\jakarta\validation\jakarta.validation-api\3.0.2\jakarta.validation-api-3.0.2.jar;C:\Users\andre\.m2\repository\org\jboss\logging\jboss-logging\3.5.3.Final\jboss-logging-3.5.3.Final.jar;C:\Users\andre\.m2\repository\com\fasterxml\classmate\1.6.0\classmate-1.6.0.jar;C:\Users\andre\.m2\repository\org\springframework\boot\spring-boot-devtools\3.2.0\spring-boot-devtools-3.2.0.jar;C:\Users\andre\.m2\repository\org\springframework\boot\spring-boot\3.2.0\spring-boot-3.2.0.jar;C:\Users\andre\.m2\repository\org\springframework\boot\spring-boot-autoconfigure\3.2.0\spring-boot-autoconfigure-3.2.0.jar;C:\Users\andre\.m2\repository\org\springframework\boot\spring-boot-starter-test\3.2.0\spring-boot-starter-test-3.2.0.jar;C:\Users\andre\.m2\repository\org\springframework\boot\spring-boot-test\3.2.0\spring-boot-test-3.2.0.jar;C:\Users\andre\.m2\repository\org\springframework\boot\spring-boot-test-autoconfigure\3.2.0\spring-boot-test-autoconfigure-3.2.0.jar;C:\Users\andre\.m2\repository\com\jayway\jsonpath\json-path\2.8.0\json-path-2.8.0.jar;C:\Users\andre\.m2\repository\jakarta\xml\bind\jakarta.xml.bind-api\4.0.1\jakarta.xml.bind-api-4.0.1.jar;C:\Users\andre\.m2\repository\jakarta\activation\jakarta.activation-api\2.1.2\jakarta.activation-api-2.1.2.jar;C:\Users\andre\.m2\repository\net\minidev\json-smart\2.5.0\json-smart-2.5.0.jar;C:\Users\andre\.m2\repository\net\minidev\accessors-smart\2.5.0\accessors-smart-2.5.0.jar;C:\Users\andre\.m2\repository\org\ow2\asm\asm\9.3\asm-9.3.jar;C:\Users\andre\.m2\repository\org\assertj\assertj-core\3.24.2\assertj-core-3.24.2.jar;C:\Users\andre\.m2\repository\net\bytebuddy\byte-buddy\1.14.10\byte-buddy-1.14.10.jar;C:\Users\andre\.m2\repository\org\awaitility\awaitility\4.2.0\awaitility-4.2.0.jar;C:\Users\andre\.m2\repository\org\hamcrest\hamcrest\2.2\hamcrest-2.2.jar;C:\Users\andre\.m2\repository\org\junit\jupiter\junit-jupiter\5.10.1\junit-jupiter-5.10.1.jar;C:\Users\andre\.m2\repository\org\junit\jupiter\junit-jupiter-api\5.10.1\junit-jupiter-api-5.10.1.jar;C:\Users\andre\.m2\repository\org\opentest4j\opentest4j\1.3.0\opentest4j-1.3.0.jar;C:\Users\andre\.m2\repository\org\junit\platform\junit-platform-commons\1.10.1\junit-platform-commons-1.10.1.jar;C:\Users\andre\.m2\repository\org\apiguardian\apiguardian-api\1.1.2\apiguardian-api-1.1.2.jar;C:\Users\andre\.m2\repository\org\junit\jupiter\junit-jupiter-params\5.10.1\junit-jupiter-params-5.10.1.jar;C:\Users\andre\.m2\repository\org\junit\jupiter\junit-jupiter-engine\5.10.1\junit-jupiter-engine-5.10.1.jar;C:\Users\andre\.m2\repository\org\junit\platform\junit-platform-engine\1.10.1\junit-platform-engine-1.10.1.jar;C:\Users\andre\.m2\repository\org\mockito\mockito-core\5.7.0\mockito-core-5.7.0.jar;C:\Users\andre\.m2\repository\net\bytebuddy\byte-buddy-agent\1.14.10\byte-buddy-agent-1.14.10.jar;C:\Users\andre\.m2\repository\org\objenesis\objenesis\3.3\objenesis-3.3.jar;C:\Users\andre\.m2\repository\org\mockito\mockito-junit-jupiter\5.7.0\mockito-junit-jupiter-5.7.0.jar;C:\Users\andre\.m2\repository\org\skyscreamer\jsonassert\1.5.1\jsonassert-1.5.1.jar;C:\Users\andre\.m2\repository\com\vaadin\external\google\android-json\0.0.20131108.vaadin1\android-json-0.0.20131108.vaadin1.jar;C:\Users\andre\.m2\repository\org\springframework\spring-core\6.1.1\spring-core-6.1.1.jar;C:\Users\andre\.m2\repository\org\springframework\spring-jcl\6.1.1\spring-jcl-6.1.1.jar;C:\Users\andre\.m2\repository\org\springframework\spring-test\6.1.1\spring-test-6.1.1.jar;C:\Users\andre\.m2\repository\org\xmlunit\xmlunit-core\2.9.1\xmlunit-core-2.9.1.jar;C:\Users\andre\.m2\repository\de\flapdoodle\embed\de.flapdoodle.embed.mongo.spring3x\4.11.0\de.flapdoodle.embed.mongo.spring3x-4.11.0.jar;C:\Users\andre\.m2\repository\de\flapdoodle\embed\de.flapdoodle.embed.mongo\4.11.1\de.flapdoodle.embed.mongo-4.11.1.jar;C:\Users\andre\.m2\repository\de\flapdoodle\embed\de.flapdoodle.embed.process\4.10.1\de.flapdoodle.embed.process-4.10.1.jar;C:\Users\andre\.m2\repository\de\flapdoodle\reverse\de.flapdoodle.reverse\1.7.2\de.flapdoodle.reverse-1.7.2.jar;C:\Users\andre\.m2\repository\de\flapdoodle\graph\de.flapdoodle.graph\1.3.3\de.flapdoodle.graph-1.3.3.jar;C:\Users\andre\.m2\repository\org\jgrapht\jgrapht-core\1.4.0\jgrapht-core-1.4.0.jar;C:\Users\andre\.m2\repository\org\jheaps\jheaps\0.11\jheaps-0.11.jar;C:\Users\andre\.m2\repository\de\flapdoodle\java8\de.flapdoodle.java8\1.4.2\de.flapdoodle.java8-1.4.2.jar;C:\Users\andre\.m2\repository\org\apache\commons\commons-lang3\3.13.0\commons-lang3-3.13.0.jar;C:\Users\andre\.m2\repository\org\apache\commons\commons-compress\1.25.0\commons-compress-1.25.0.jar;C:\Users\andre\.m2\repository\net\java\dev\jna\jna\5.13.0\jna-5.13.0.jar;C:\Users\andre\.m2\repository\net\java\dev\jna\jna-platform\5.13.0\jna-platform-5.13.0.jar;C:\Users\andre\.m2\repository\de\flapdoodle\de.flapdoodle.os-api\1.4.1\de.flapdoodle.os-api-1.4.1.jar;C:\Users\andre\.m2\repository\de\flapdoodle\embed\de.flapdoodle.embed.mongo.packageresolver\4.10.2\de.flapdoodle.embed.mongo.packageresolver-4.10.2.jar;C:\Users\andre\.m2\repository\de\flapdoodle\de.flapdoodle.os\1.5.3\de.flapdoodle.os-1.5.3.jar;"/>
    <property name="sun.cpu.endian" value="little"/>
    <property name="user.home" value="C:\Users\andre"/>
    <property name="user.language" value="pt"/>
    <property name="java.specification.vendor" value="Oracle Corporation"/>
    <property name="java.version.date" value="2025-04-15"/>
    <property name="java.home" value="C:\Program Files\Java\jdk-21"/>
    <property name="file.separator" value="\"/>
    <property name="basedir" value="C:\Code\municipal-system\backend"/>
    <property name="java.vm.compressedOopsMode" value="Zero based"/>
    <property name="line.separator" value="&#10;"/>
    <property name="java.vm.specification.vendor" value="Oracle Corporation"/>
    <property name="java.specification.name" value="Java Platform API Specification"/>
    <property name="FILE_LOG_CHARSET" value="UTF-8"/>
    <property name="java.awt.headless" value="true"/>
    <property name="surefire.real.class.path" value="C:\Users\andre\AppData\Local\Temp\surefire12451732369882551689\surefirebooter-20250620161304674_3.jar"/>
    <property name="user.script" value=""/>
    <property name="sun.management.compiler" value="HotSpot 64-Bit Tiered Compilers"/>
    <property name="java.runtime.version" value="21.0.7+8-LTS-245"/>
    <property name="user.name" value="andre"/>
    <property name="stdout.encoding" value="Cp1252"/>
    <property name="path.separator" value=";"/>
    <property name="os.version" value="10.0"/>
    <property name="java.runtime.name" value="Java(TM) SE Runtime Environment"/>
    <property name="file.encoding" value="UTF-8"/>
    <property name="java.vm.name" value="Java HotSpot(TM) 64-Bit Server VM"/>
    <property name="localRepository" value="C:\Users\andre\.m2\repository"/>
    <property name="java.vendor.url.bug" value="https://bugreport.java.com/bugreport/"/>
    <property name="java.io.tmpdir" value="C:\Users\andre\AppData\Local\Temp\"/>
    <property name="java.version" value="21.0.7"/>
    <property name="user.dir" value="C:\Code\municipal-system\backend"/>
    <property name="os.arch" value="amd64"/>
    <property name="java.vm.specification.name" value="Java Virtual Machine Specification"/>
    <property name="PID" value="20044"/>
    <property name="sun.os.patch.level" value=""/>
    <property name="CONSOLE_LOG_CHARSET" value="UTF-8"/>
    <property name="native.encoding" value="Cp1252"/>
    <property name="java.library.path" value="C:\Program Files\Java\jdk-21\bin;C:\WINDOWS\Sun\Java\bin;C:\WINDOWS\system32;C:\WINDOWS;C:\Program Files\Common Files\Oracle\Java\javapath;C:\windows\system32;C:\windows;C:\windows\System32\Wbem;C:\windows\System32\WindowsPowerShell\v1.0\;C:\windows\System32\OpenSSH\;C:\Program Files (x86)\NVIDIA Corporation\PhysX\Common;C:\WINDOWS\system32;C:\WINDOWS;C:\WINDOWS\System32\Wbem;C:\WINDOWS\System32\WindowsPowerShell\v1.0\;C:\WINDOWS\System32\OpenSSH\;C:\Program Files\nodejs\;C:\ProgramData\chocolatey\bin;C:\Program Files\dotnet\;C:\Program Files\Git\cmd;C:\Program Files\Docker\Docker\resources\bin;C:\Program Files\NVIDIA Corporation\NVIDIA app\NvDLISR;c:\Users\andre\AppData\Local\Programs\cursor\resources\app\bin;C:\Program Files\Go\bin;C:\ffmpeg\bin;C:\Program Files\Java\jdk-21\bin;C:\maven\bin;C:\Users\andre\AppData\Local\Programs\Python\Python310\Scripts\;C:\Users\andre\AppData\Local\Programs\Python\Python310\;C:\Users\andre\scoop\shims;C:\Users\andre\.local\bin;C:\Users\andre\AppData\Local\Microsoft\WindowsApps;C:\Users\andre\AppData\Local\Programs\Microsoft VS Code\bin;C:\Users\andre\AppData\Roaming\npm;C:\Users\andre\AppData\Local\GitHubDesktop\bin;C:\Users\andre\AppData\Local\Programs\Ollama;C:\Users\andre\.lmstudio\bin;C:\Users\andre\AppData\Local\Programs\Lens\resources\cli\bin;C:\Program Files\Multipass\bin;C:\Users\andre\AppData\Local\Microsoft\WindowsApps;C:\Users\andre\AppData\Local\Programs\cursor\resources\app\bin;C:\Users\andre\AppData\Local\Programs\Windsurf\bin;C:\Users\andre\go\bin;C:\Program Files\JetBrains\IntelliJ IDEA 2025.1.2\bin;;."/>
    <property name="java.vm.info" value="mixed mode, sharing"/>
    <property name="stderr.encoding" value="Cp1252"/>
    <property name="java.vendor" value="Oracle Corporation"/>
    <property name="java.vm.version" value="21.0.7+8-LTS-245"/>
    <property name="sun.io.unicode.encoding" value="UnicodeLittle"/>
    <property name="java.class.version" value="65.0"/>
  </properties>
  <testcase name="updateSecretaria_Success" classname="com.municipal.controller.SecretariaControllerTest" time="0.926">
    <system-out><![CDATA[16:13:05.330 [main] INFO org.springframework.test.context.support.AnnotationConfigContextLoaderUtils -- Could not detect default configuration classes for test class [com.municipal.controller.SecretariaControllerTest]: SecretariaControllerTest does not declare any static, non-private, non-final, nested classes annotated with @Configuration.
16:13:05.422 [main] INFO org.springframework.boot.test.context.SpringBootTestContextBootstrapper -- Found @SpringBootConfiguration com.municipal.ServidorApiApplication for test class com.municipal.controller.SecretariaControllerTest
16:13:05.549 [main] INFO org.springframework.boot.devtools.restart.RestartApplicationListener -- Restart disabled due to context in which it is running

  .   ____          _            __ _ _
 /\\ / ___'_ __ _ _(_)_ __  __ _ \ \ \ \
( ( )\___ | '_ | '_| | '_ \/ _` | \ \ \ \
 \\/  ___)| |_)| | | | | || (_| |  ) ) ) )
  '  |____| .__|_| |_|_| |_\__, | / / / /
 =========|_|==============|___/=/_/_/_/
 :: Spring Boot ::                (v3.2.0)

2025-06-20T16:13:05.781-03:00  INFO 20044 --- [           main] c.m.controller.SecretariaControllerTest  : Starting SecretariaControllerTest using Java 21.0.7 with PID 20044 (started by andre in C:\Code\municipal-system\backend)
2025-06-20T16:13:05.782-03:00 DEBUG 20044 --- [           main] c.m.controller.SecretariaControllerTest  : Running with Spring Boot v3.2.0, Spring v6.1.1
2025-06-20T16:13:05.782-03:00  INFO 20044 --- [           main] c.m.controller.SecretariaControllerTest  : The following 1 profile is active: "test"
2025-06-20T16:13:06.428-03:00  INFO 20044 --- [           main] .s.d.r.c.RepositoryConfigurationDelegate : Bootstrapping Spring Data MongoDB repositories in DEFAULT mode.
2025-06-20T16:13:06.479-03:00  INFO 20044 --- [           main] .s.d.r.c.RepositoryConfigurationDelegate : Finished Spring Data repository scanning in 45 ms. Found 2 MongoDB repository interfaces.
2025-06-20T16:13:06.669-03:00  WARN 20044 --- [           main] trationDelegate$BeanPostProcessorChecker : Bean 'de.flapdoodle.embed.mongo.spring.autoconfigure.EmbeddedMongoAutoConfiguration' of type [de.flapdoodle.embed.mongo.spring.autoconfigure.EmbeddedMongoAutoConfiguration] is not eligible for getting processed by all BeanPostProcessors (for example: not eligible for auto-proxying). The currently created BeanPostProcessor [fixTransactionAndAuth] is declared through a non-static factory method on that class; consider declaring it as static instead.
2025-06-20T16:13:06.684-03:00  WARN 20044 --- [           main] trationDelegate$BeanPostProcessorChecker : Bean 'de.flapdoodle.mongodb.embedded-de.flapdoodle.embed.mongo.spring.autoconfigure.EmbeddedMongoProperties' of type [de.flapdoodle.embed.mongo.spring.autoconfigure.EmbeddedMongoProperties] is not eligible for getting processed by all BeanPostProcessors (for example: not eligible for auto-proxying). Is this bean getting eagerly injected into a currently created BeanPostProcessor [fixTransactionAndAuth]? Check the corresponding BeanPostProcessor declaration and its dependencies.
2025-06-20T16:13:06.707-03:00  WARN 20044 --- [           main] trationDelegate$BeanPostProcessorChecker : Bean 'net' of type [de.flapdoodle.embed.mongo.config.ImmutableNet] is not eligible for getting processed by all BeanPostProcessors (for example: not eligible for auto-proxying). Is this bean getting eagerly injected into a currently created BeanPostProcessor [fixTransactionAndAuth]? Check the corresponding BeanPostProcessor declaration and its dependencies.
2025-06-20T16:13:06.709-03:00  WARN 20044 --- [           main] trationDelegate$BeanPostProcessorChecker : Bean 'spring.data.mongodb-org.springframework.boot.autoconfigure.mongo.MongoProperties' of type [org.springframework.boot.autoconfigure.mongo.MongoProperties] is not eligible for getting processed by all BeanPostProcessors (for example: not eligible for auto-proxying). Is this bean getting eagerly injected into a currently created BeanPostProcessor [fixTransactionAndAuth]? Check the corresponding BeanPostProcessor declaration and its dependencies.
2025-06-20T16:13:06.865-03:00  INFO 20044 --- [           main] d.f.e.m.s.a.SyncClientServerFactory      : sync server factory
2025-06-20T16:13:08.134-03:00  INFO 20044 --- [           main] d.f.e.m.s.autoconfigure.EmbeddedMongo    : download https://fastdl.mongodb.org/windows/mongodb-windows-x86_64-7.0.2.zip : starting...
2025-06-20T16:13:08.136-03:00  INFO 20044 --- [           main] d.f.e.m.s.autoconfigure.EmbeddedMongo    : download https://fastdl.mongodb.org/windows/mongodb-windows-x86_64-7.0.2.zip : 0 %
2025-06-20T16:13:11.047-03:00  INFO 20044 --- [           main] d.f.e.m.s.autoconfigure.EmbeddedMongo    : download https://fastdl.mongodb.org/windows/mongodb-windows-x86_64-7.0.2.zip : 10 %
2025-06-20T16:13:14.750-03:00  INFO 20044 --- [           main] d.f.e.m.s.autoconfigure.EmbeddedMongo    : download https://fastdl.mongodb.org/windows/mongodb-windows-x86_64-7.0.2.zip : 20 %
2025-06-20T16:13:20.015-03:00  INFO 20044 --- [           main] d.f.e.m.s.autoconfigure.EmbeddedMongo    : download https://fastdl.mongodb.org/windows/mongodb-windows-x86_64-7.0.2.zip : 30 %
2025-06-20T16:13:25.141-03:00  INFO 20044 --- [           main] d.f.e.m.s.autoconfigure.EmbeddedMongo    : download https://fastdl.mongodb.org/windows/mongodb-windows-x86_64-7.0.2.zip : 40 %
2025-06-20T16:13:29.524-03:00  INFO 20044 --- [           main] d.f.e.m.s.autoconfigure.EmbeddedMongo    : download https://fastdl.mongodb.org/windows/mongodb-windows-x86_64-7.0.2.zip : 50 %
2025-06-20T16:13:33.668-03:00  INFO 20044 --- [           main] d.f.e.m.s.autoconfigure.EmbeddedMongo    : download https://fastdl.mongodb.org/windows/mongodb-windows-x86_64-7.0.2.zip : 60 %
2025-06-20T16:13:37.260-03:00  INFO 20044 --- [           main] d.f.e.m.s.autoconfigure.EmbeddedMongo    : download https://fastdl.mongodb.org/windows/mongodb-windows-x86_64-7.0.2.zip : 70 %
2025-06-20T16:13:41.347-03:00  INFO 20044 --- [           main] d.f.e.m.s.autoconfigure.EmbeddedMongo    : download https://fastdl.mongodb.org/windows/mongodb-windows-x86_64-7.0.2.zip : 80 %
2025-06-20T16:13:45.483-03:00  INFO 20044 --- [           main] d.f.e.m.s.autoconfigure.EmbeddedMongo    : download https://fastdl.mongodb.org/windows/mongodb-windows-x86_64-7.0.2.zip : 90 %
2025-06-20T16:13:49.489-03:00  INFO 20044 --- [           main] d.f.e.m.s.autoconfigure.EmbeddedMongo    : download https://fastdl.mongodb.org/windows/mongodb-windows-x86_64-7.0.2.zip : finished
2025-06-20T16:13:53.736-03:00  INFO 20044 --- [       Thread-4] d.f.e.m.s.autoconfigure.EmbeddedMongo    : {"t":{"$date":"2025-06-20T16:13:53.736-03:00"},"s":"I",  "c":"NETWORK",  "id":4915701, "ctx":"thread1","msg":"Initialized wire specification","attr":{"spec":{"incomingExternalClient":{"minWireVersion":0,"maxWireVersion":21},"incomingInternalClient":{"minWireVersion":0,"maxWireVersion":21},"outgoing":{"minWireVersion":6,"maxWireVersion":21},"isInternalClient":true}}}
2025-06-20T16:13:53.774-03:00  INFO 20044 --- [       Thread-4] d.f.e.m.s.autoconfigure.EmbeddedMongo    : {"t":{"$date":"2025-06-20T16:13:53.774-03:00"},"s":"I",  "c":"CONTROL",  "id":23285,   "ctx":"thread1","msg":"Automatically disabling TLS 1.0, to force-enable TLS 1.0 specify --sslDisabledProtocols 'none'"}
2025-06-20T16:13:53.776-03:00  INFO 20044 --- [       Thread-4] d.f.e.m.s.autoconfigure.EmbeddedMongo    : {"t":{"$date":"2025-06-20T16:13:53.776-03:00"},"s":"I",  "c":"NETWORK",  "id":4648602, "ctx":"thread1","msg":"Implicit TCP FastOpen in use."}
2025-06-20T16:13:53.779-03:00  INFO 20044 --- [       Thread-4] d.f.e.m.s.autoconfigure.EmbeddedMongo    : {"t":{"$date":"2025-06-20T16:13:53.779-03:00"},"s":"I",  "c":"REPL",     "id":5123008, "ctx":"thread1","msg":"Successfully registered PrimaryOnlyService","attr":{"service":"TenantMigrationDonorService","namespace":"config.tenantMigrationDonors"}}
2025-06-20T16:13:53.779-03:00  INFO 20044 --- [       Thread-4] d.f.e.m.s.autoconfigure.EmbeddedMongo    : {"t":{"$date":"2025-06-20T16:13:53.779-03:00"},"s":"I",  "c":"REPL",     "id":5123008, "ctx":"thread1","msg":"Successfully registered PrimaryOnlyService","attr":{"service":"TenantMigrationRecipientService","namespace":"config.tenantMigrationRecipients"}}
2025-06-20T16:13:53.779-03:00  INFO 20044 --- [       Thread-4] d.f.e.m.s.autoconfigure.EmbeddedMongo    : {"t":{"$date":"2025-06-20T16:13:53.779-03:00"},"s":"I",  "c":"CONTROL",  "id":5945603, "ctx":"thread1","msg":"Multi threading initialized"}
2025-06-20T16:13:53.779-03:00  INFO 20044 --- [       Thread-4] d.f.e.m.s.autoconfigure.EmbeddedMongo    : {"t":{"$date":"2025-06-20T16:13:53.779-03:00"},"s":"I",  "c":"TENANT_M", "id":7091600, "ctx":"thread1","msg":"Starting TenantMigrationAccessBlockerRegistry"}
2025-06-20T16:13:53.780-03:00  INFO 20044 --- [       Thread-4] d.f.e.m.s.autoconfigure.EmbeddedMongo    : {"t":{"$date":"2025-06-20T16:13:53.780-03:00"},"s":"I",  "c":"CONTROL",  "id":4615611, "ctx":"initandlisten","msg":"MongoDB starting","attr":{"pid":18764,"port":49309,"dbPath":"C:/Users/andre/AppData/Local/Temp/temp--c30c3aba-9afa-4552-b561-695f496c28b4/mongod-database17791332334947245080","architecture":"64-bit","host":"WIN-TDALN2EJIN4"}}
2025-06-20T16:13:53.780-03:00  INFO 20044 --- [       Thread-4] d.f.e.m.s.autoconfigure.EmbeddedMongo    : {"t":{"$date":"2025-06-20T16:13:53.780-03:00"},"s":"I",  "c":"CONTROL",  "id":23398,   "ctx":"initandlisten","msg":"Target operating system minimum version","attr":{"targetMinOS":"Windows 7/Windows Server 2008 R2"}}
2025-06-20T16:13:53.780-03:00  INFO 20044 --- [       Thread-4] d.f.e.m.s.autoconfigure.EmbeddedMongo    : {"t":{"$date":"2025-06-20T16:13:53.780-03:00"},"s":"I",  "c":"CONTROL",  "id":23403,   "ctx":"initandlisten","msg":"Build Info","attr":{"buildInfo":{"version":"7.0.2","gitVersion":"02b3c655e1302209ef046da6ba3ef6749dd0b62a","modules":[],"allocator":"tcmalloc","environment":{"distmod":"windows","distarch":"x86_64","target_arch":"x86_64"}}}}
2025-06-20T16:13:53.780-03:00  INFO 20044 --- [       Thread-4] d.f.e.m.s.autoconfigure.EmbeddedMongo    : {"t":{"$date":"2025-06-20T16:13:53.780-03:00"},"s":"I",  "c":"CONTROL",  "id":51765,   "ctx":"initandlisten","msg":"Operating System","attr":{"os":{"name":"Microsoft Windows 10","version":"10.0 (build 26100)"}}}
2025-06-20T16:13:53.780-03:00  INFO 20044 --- [       Thread-4] d.f.e.m.s.autoconfigure.EmbeddedMongo    : {"t":{"$date":"2025-06-20T16:13:53.780-03:00"},"s":"I",  "c":"CONTROL",  "id":21951,   "ctx":"initandlisten","msg":"Options set by command line","attr":{"options":{"net":{"bindIp":"127.0.0.1","port":49309},"security":{"authorization":"disabled"},"storage":{"dbPath":"C:\\Users\\andre\\AppData\\Local\\Temp\\temp--c30c3aba-9afa-4552-b561-695f496c28b4\\mongod-database17791332334947245080","syncPeriodSecs":0}}}}
2025-06-20T16:13:53.782-03:00  INFO 20044 --- [       Thread-4] d.f.e.m.s.autoconfigure.EmbeddedMongo    : {"t":{"$date":"2025-06-20T16:13:53.783-03:00"},"s":"I",  "c":"STORAGE",  "id":22315,   "ctx":"initandlisten","msg":"Opening WiredTiger","attr":{"config":"create,cache_size=15622M,session_max=33000,eviction=(threads_min=4,threads_max=4),config_base=false,statistics=(fast),log=(enabled=true,remove=true,path=journal,compressor=snappy),builtin_extension_config=(zstd=(compression_level=6)),file_manager=(close_idle_time=600,close_scan_interval=10,close_handle_minimum=2000),statistics_log=(wait=0),json_output=(error,message),verbose=[recovery_progress:1,checkpoint_progress:1,compact_progress:1,backup:0,checkpoint:0,compact:0,evict:0,history_store:0,recovery:0,rts:0,salvage:0,tiered:0,timestamp:0,transaction:0,verify:0,log:0],"}}
2025-06-20T16:13:53.804-03:00  INFO 20044 --- [       Thread-4] d.f.e.m.s.autoconfigure.EmbeddedMongo    : {"t":{"$date":"2025-06-20T16:13:53.805-03:00"},"s":"I",  "c":"STORAGE",  "id":4795906, "ctx":"initandlisten","msg":"WiredTiger opened","attr":{"durationMillis":22}}
2025-06-20T16:13:53.804-03:00  INFO 20044 --- [       Thread-4] d.f.e.m.s.autoconfigure.EmbeddedMongo    : {"t":{"$date":"2025-06-20T16:13:53.805-03:00"},"s":"I",  "c":"RECOVERY", "id":23987,   "ctx":"initandlisten","msg":"WiredTiger recoveryTimestamp","attr":{"recoveryTimestamp":{"$timestamp":{"t":0,"i":0}}}}
2025-06-20T16:13:53.810-03:00  INFO 20044 --- [       Thread-4] d.f.e.m.s.autoconfigure.EmbeddedMongo    : {"t":{"$date":"2025-06-20T16:13:53.810-03:00"},"s":"I",  "c":"STORAGE",  "id":20320,   "ctx":"initandlisten","msg":"createCollection","attr":{"namespace":"admin.system.version","uuidDisposition":"provided","uuid":{"uuid":{"$uuid":"9c31563a-e8f1-4501-aad3-c7575e438dee"}},"options":{"uuid":{"$uuid":"9c31563a-e8f1-4501-aad3-c7575e438dee"}}}}
2025-06-20T16:13:53.813-03:00  INFO 20044 --- [       Thread-4] d.f.e.m.s.autoconfigure.EmbeddedMongo    : {"t":{"$date":"2025-06-20T16:13:53.814-03:00"},"s":"I",  "c":"INDEX",    "id":20345,   "ctx":"initandlisten","msg":"Index build: done building","attr":{"buildUUID":null,"collectionUUID":{"uuid":{"$uuid":"9c31563a-e8f1-4501-aad3-c7575e438dee"}},"namespace":"admin.system.version","index":"_id_","ident":"index-1--5389136238463894933","collectionIdent":"collection-0--5389136238463894933","commitTimestamp":null}}
2025-06-20T16:13:53.813-03:00  INFO 20044 --- [       Thread-4] d.f.e.m.s.autoconfigure.EmbeddedMongo    : {"t":{"$date":"2025-06-20T16:13:53.814-03:00"},"s":"I",  "c":"REPL",     "id":20459,   "ctx":"initandlisten","msg":"Setting featureCompatibilityVersion","attr":{"newVersion":"7.0"}}
2025-06-20T16:13:53.813-03:00  INFO 20044 --- [       Thread-4] d.f.e.m.s.autoconfigure.EmbeddedMongo    : {"t":{"$date":"2025-06-20T16:13:53.814-03:00"},"s":"I",  "c":"REPL",     "id":5853300, "ctx":"initandlisten","msg":"current featureCompatibilityVersion value","attr":{"featureCompatibilityVersion":"7.0","context":"setFCV"}}
2025-06-20T16:13:53.813-03:00  INFO 20044 --- [       Thread-4] d.f.e.m.s.autoconfigure.EmbeddedMongo    : {"t":{"$date":"2025-06-20T16:13:53.814-03:00"},"s":"I",  "c":"NETWORK",  "id":4915702, "ctx":"initandlisten","msg":"Updated wire specification","attr":{"oldSpec":{"incomingExternalClient":{"minWireVersion":0,"maxWireVersion":21},"incomingInternalClient":{"minWireVersion":0,"maxWireVersion":21},"outgoing":{"minWireVersion":6,"maxWireVersion":21},"isInternalClient":true},"newSpec":{"incomingExternalClient":{"minWireVersion":0,"maxWireVersion":21},"incomingInternalClient":{"minWireVersion":21,"maxWireVersion":21},"outgoing":{"minWireVersion":21,"maxWireVersion":21},"isInternalClient":true}}}
2025-06-20T16:13:53.813-03:00  INFO 20044 --- [       Thread-4] d.f.e.m.s.autoconfigure.EmbeddedMongo    : {"t":{"$date":"2025-06-20T16:13:53.814-03:00"},"s":"I",  "c":"NETWORK",  "id":4915702, "ctx":"initandlisten","msg":"Updated wire specification","attr":{"oldSpec":{"incomingExternalClient":{"minWireVersion":0,"maxWireVersion":21},"incomingInternalClient":{"minWireVersion":21,"maxWireVersion":21},"outgoing":{"minWireVersion":21,"maxWireVersion":21},"isInternalClient":true},"newSpec":{"incomingExternalClient":{"minWireVersion":0,"maxWireVersion":21},"incomingInternalClient":{"minWireVersion":21,"maxWireVersion":21},"outgoing":{"minWireVersion":21,"maxWireVersion":21},"isInternalClient":true}}}
2025-06-20T16:13:53.813-03:00  INFO 20044 --- [       Thread-4] d.f.e.m.s.autoconfigure.EmbeddedMongo    : {"t":{"$date":"2025-06-20T16:13:53.814-03:00"},"s":"I",  "c":"REPL",     "id":5853300, "ctx":"initandlisten","msg":"current featureCompatibilityVersion value","attr":{"featureCompatibilityVersion":"7.0","context":"startup"}}
2025-06-20T16:13:53.813-03:00  INFO 20044 --- [       Thread-4] d.f.e.m.s.autoconfigure.EmbeddedMongo    : {"t":{"$date":"2025-06-20T16:13:53.815-03:00"},"s":"I",  "c":"STORAGE",  "id":5071100, "ctx":"initandlisten","msg":"Clearing temp directory"}
2025-06-20T16:13:53.813-03:00  INFO 20044 --- [       Thread-4] d.f.e.m.s.autoconfigure.EmbeddedMongo    : {"t":{"$date":"2025-06-20T16:13:53.815-03:00"},"s":"I",  "c":"CONTROL",  "id":6608200, "ctx":"initandlisten","msg":"Initializing cluster server parameters from disk"}
2025-06-20T16:13:53.815-03:00  INFO 20044 --- [       Thread-4] d.f.e.m.s.autoconfigure.EmbeddedMongo    : {"t":{"$date":"2025-06-20T16:13:53.815-03:00"},"s":"I",  "c":"CONTROL",  "id":20536,   "ctx":"initandlisten","msg":"Flow Control is enabled on this deployment"}
2025-06-20T16:13:54.112-03:00  INFO 20044 --- [       Thread-4] d.f.e.m.s.autoconfigure.EmbeddedMongo    : {"t":{"$date":"2025-06-20T16:13:54.112-03:00"},"s":"W",  "c":"FTDC",     "id":23718,   "ctx":"initandlisten","msg":"Failed to initialize Performance Counters for FTDC","attr":{"error":{"code":179,"codeName":"WindowsPdhError","errmsg":"PdhAddEnglishCounterW failed with 'O objeto especificado não foi encontrado no computador.'"}}}
2025-06-20T16:13:54.112-03:00  INFO 20044 --- [       Thread-4] d.f.e.m.s.autoconfigure.EmbeddedMongo    : {"t":{"$date":"2025-06-20T16:13:54.112-03:00"},"s":"I",  "c":"FTDC",     "id":20625,   "ctx":"initandlisten","msg":"Initializing full-time diagnostic data capture","attr":{"dataDirectory":"C:/Users/andre/AppData/Local/Temp/temp--c30c3aba-9afa-4552-b561-695f496c28b4/mongod-database17791332334947245080/diagnostic.data"}}
2025-06-20T16:13:54.113-03:00  INFO 20044 --- [       Thread-4] d.f.e.m.s.autoconfigure.EmbeddedMongo    : {"t":{"$date":"2025-06-20T16:13:54.113-03:00"},"s":"I",  "c":"STORAGE",  "id":20320,   "ctx":"initandlisten","msg":"createCollection","attr":{"namespace":"local.startup_log","uuidDisposition":"generated","uuid":{"uuid":{"$uuid":"2e142f5f-cc87-4ad4-8bc7-67e13bc21182"}},"options":{"capped":true,"size":10485760}}}
2025-06-20T16:13:54.116-03:00  INFO 20044 --- [       Thread-4] d.f.e.m.s.autoconfigure.EmbeddedMongo    : {"t":{"$date":"2025-06-20T16:13:54.116-03:00"},"s":"I",  "c":"INDEX",    "id":20345,   "ctx":"initandlisten","msg":"Index build: done building","attr":{"buildUUID":null,"collectionUUID":{"uuid":{"$uuid":"2e142f5f-cc87-4ad4-8bc7-67e13bc21182"}},"namespace":"local.startup_log","index":"_id_","ident":"index-3--5389136238463894933","collectionIdent":"collection-2--5389136238463894933","commitTimestamp":null}}
2025-06-20T16:13:54.116-03:00  INFO 20044 --- [       Thread-4] d.f.e.m.s.autoconfigure.EmbeddedMongo    : {"t":{"$date":"2025-06-20T16:13:54.116-03:00"},"s":"I",  "c":"REPL",     "id":6015317, "ctx":"initandlisten","msg":"Setting new configuration state","attr":{"newState":"ConfigReplicationDisabled","oldState":"ConfigPreStart"}}
2025-06-20T16:13:54.116-03:00  INFO 20044 --- [       Thread-4] d.f.e.m.s.autoconfigure.EmbeddedMongo    : {"t":{"$date":"2025-06-20T16:13:54.117-03:00"},"s":"I",  "c":"STORAGE",  "id":22262,   "ctx":"initandlisten","msg":"Timestamp monitor starting"}
2025-06-20T16:13:54.118-03:00  INFO 20044 --- [       Thread-4] d.f.e.m.s.autoconfigure.EmbeddedMongo    : {"t":{"$date":"2025-06-20T16:13:54.118-03:00"},"s":"I",  "c":"CONTROL",  "id":20712,   "ctx":"LogicalSessionCacheReap","msg":"Sessions collection is not set up; waiting until next sessions reap interval","attr":{"error":"NamespaceNotFound: config.system.sessions does not exist"}}
2025-06-20T16:13:54.118-03:00  INFO 20044 --- [       Thread-4] d.f.e.m.s.autoconfigure.EmbeddedMongo    : {"t":{"$date":"2025-06-20T16:13:54.118-03:00"},"s":"I",  "c":"NETWORK",  "id":23015,   "ctx":"listener","msg":"Listening on","attr":{"address":"127.0.0.1"}}
2025-06-20T16:13:54.118-03:00  INFO 20044 --- [       Thread-4] d.f.e.m.s.autoconfigure.EmbeddedMongo    : {"t":{"$date":"2025-06-20T16:13:54.118-03:00"},"s":"I",  "c":"NETWORK",  "id":23016,   "ctx":"listener","msg":"Waiting for connections","attr":{"port":49309,"ssl":"off"}}
2025-06-20T16:13:54.118-03:00  INFO 20044 --- [       Thread-4] d.f.e.m.s.autoconfigure.EmbeddedMongo    : {"t":{"$date":"2025-06-20T16:13:54.118-03:00"},"s":"I",  "c":"STORAGE",  "id":20320,   "ctx":"LogicalSessionCacheRefresh","msg":"createCollection","attr":{"namespace":"config.system.sessions","uuidDisposition":"generated","uuid":{"uuid":{"$uuid":"9b1c914e-8ffa-45a4-8dd0-0fb23e8b0dcc"}},"options":{}}}
2025-06-20T16:13:54.122-03:00  INFO 20044 --- [       Thread-4] d.f.e.m.s.autoconfigure.EmbeddedMongo    : {"t":{"$date":"2025-06-20T16:13:54.122-03:00"},"s":"I",  "c":"REPL",     "id":7360102, "ctx":"LogicalSessionCacheRefresh","msg":"Added oplog entry for create to transaction","attr":{"namespace":"config.$cmd","uuid":{"uuid":{"$uuid":"9b1c914e-8ffa-45a4-8dd0-0fb23e8b0dcc"}},"object":{"create":"system.sessions","idIndex":{"v":2,"key":{"_id":1},"name":"_id_"}}}}
2025-06-20T16:13:54.122-03:00  INFO 20044 --- [       Thread-4] d.f.e.m.s.autoconfigure.EmbeddedMongo    : {"t":{"$date":"2025-06-20T16:13:54.122-03:00"},"s":"I",  "c":"REPL",     "id":7360100, "ctx":"LogicalSessionCacheRefresh","msg":"Added oplog entry for createIndexes to transaction","attr":{"namespace":"config.$cmd","uuid":{"uuid":{"$uuid":"9b1c914e-8ffa-45a4-8dd0-0fb23e8b0dcc"}},"object":{"createIndexes":"system.sessions","v":2,"key":{"lastUse":1},"name":"lsidTTLIndex","expireAfterSeconds":1800}}}
2025-06-20T16:13:54.126-03:00  INFO 20044 --- [       Thread-4] d.f.e.m.s.autoconfigure.EmbeddedMongo    : {"t":{"$date":"2025-06-20T16:13:54.125-03:00"},"s":"I",  "c":"INDEX",    "id":20345,   "ctx":"LogicalSessionCacheRefresh","msg":"Index build: done building","attr":{"buildUUID":null,"collectionUUID":{"uuid":{"$uuid":"9b1c914e-8ffa-45a4-8dd0-0fb23e8b0dcc"}},"namespace":"config.system.sessions","index":"_id_","ident":"index-5--5389136238463894933","collectionIdent":"collection-4--5389136238463894933","commitTimestamp":null}}
2025-06-20T16:13:54.126-03:00  INFO 20044 --- [       Thread-4] d.f.e.m.s.autoconfigure.EmbeddedMongo    : {"t":{"$date":"2025-06-20T16:13:54.126-03:00"},"s":"I",  "c":"INDEX",    "id":20345,   "ctx":"LogicalSessionCacheRefresh","msg":"Index build: done building","attr":{"buildUUID":null,"collectionUUID":{"uuid":{"$uuid":"9b1c914e-8ffa-45a4-8dd0-0fb23e8b0dcc"}},"namespace":"config.system.sessions","index":"lsidTTLIndex","ident":"index-6--5389136238463894933","collectionIdent":"collection-4--5389136238463894933","commitTimestamp":null}}
2025-06-20T16:13:54.233-03:00  INFO 20044 --- [       Thread-4] d.f.e.m.s.autoconfigure.EmbeddedMongo    : {"t":{"$date":"2025-06-20T16:13:54.233-03:00"},"s":"I",  "c":"NETWORK",  "id":22943,   "ctx":"listener","msg":"Connection accepted","attr":{"remote":"127.0.0.1:49677","uuid":{"uuid":{"$uuid":"a0cd439d-9d10-4140-87d4-3bb72f0c1d5d"}},"connectionId":1,"connectionCount":1}}
2025-06-20T16:13:54.233-03:00  INFO 20044 --- [       Thread-4] d.f.e.m.s.autoconfigure.EmbeddedMongo    : {"t":{"$date":"2025-06-20T16:13:54.233-03:00"},"s":"I",  "c":"NETWORK",  "id":22943,   "ctx":"listener","msg":"Connection accepted","attr":{"remote":"127.0.0.1:49675","uuid":{"uuid":{"$uuid":"2733e5e2-9b80-4dfc-8ccb-c5c337c4fc0c"}},"connectionId":2,"connectionCount":2}}
2025-06-20T16:13:54.247-03:00  INFO 20044 --- [       Thread-4] d.f.e.m.s.autoconfigure.EmbeddedMongo    : {"t":{"$date":"2025-06-20T16:13:54.248-03:00"},"s":"I",  "c":"NETWORK",  "id":51800,   "ctx":"conn2","msg":"client metadata","attr":{"remote":"127.0.0.1:49675","client":"conn2","doc":{"driver":{"name":"mongo-java-driver|sync|spring-boot","version":"4.11.1"},"os":{"type":"Windows","name":"Windows 11","architecture":"amd64","version":"10.0"},"platform":"Java/Oracle Corporation/21.0.7+8-LTS-245"}}}
2025-06-20T16:13:54.253-03:00  INFO 20044 --- [       Thread-4] d.f.e.m.s.autoconfigure.EmbeddedMongo    : {"t":{"$date":"2025-06-20T16:13:54.253-03:00"},"s":"I",  "c":"NETWORK",  "id":51800,   "ctx":"conn1","msg":"client metadata","attr":{"remote":"127.0.0.1:49677","client":"conn1","doc":{"driver":{"name":"mongo-java-driver|sync|spring-boot","version":"4.11.1"},"os":{"type":"Windows","name":"Windows 11","architecture":"amd64","version":"10.0"},"platform":"Java/Oracle Corporation/21.0.7+8-LTS-245"}}}
2025-06-20T16:13:54.262-03:00  INFO 20044 --- [           main] org.mongodb.driver.client                : MongoClient with metadata {"driver": {"name": "mongo-java-driver|sync|spring-boot", "version": "4.11.1"}, "os": {"type": "Windows", "name": "Windows 11", "architecture": "amd64", "version": "10.0"}, "platform": "Java/Oracle Corporation/21.0.7+8-LTS-245"} created with settings MongoClientSettings{readPreference=primary, writeConcern=WriteConcern{w=null, wTimeout=null ms, journal=null}, retryWrites=true, retryReads=true, readConcern=ReadConcern{level=null}, credential=null, transportSettings=null, streamFactoryFactory=null, commandListeners=[], codecRegistry=ProvidersCodecRegistry{codecProviders=[ValueCodecProvider{}, BsonValueCodecProvider{}, DBRefCodecProvider{}, DBObjectCodecProvider{}, DocumentCodecProvider{}, CollectionCodecProvider{}, IterableCodecProvider{}, MapCodecProvider{}, GeoJsonCodecProvider{}, GridFSFileCodecProvider{}, Jsr310CodecProvider{}, JsonObjectCodecProvider{}, BsonCodecProvider{}, EnumCodecProvider{}, com.mongodb.client.model.mql.ExpressionCodecProvider@66a82a13, com.mongodb.Jep395RecordCodecProvider@675ec28b, com.mongodb.KotlinCodecProvider@11399548]}, loggerSettings=LoggerSettings{maxDocumentLength=1000}, clusterSettings={hosts=[kubernetes.docker.internal:49309], srvServiceName=mongodb, mode=SINGLE, requiredClusterType=UNKNOWN, requiredReplicaSetName='null', serverSelector='null', clusterListeners='[]', serverSelectionTimeout='30000 ms', localThreshold='15 ms'}, socketSettings=SocketSettings{connectTimeoutMS=10000, readTimeoutMS=0, receiveBufferSize=0, proxySettings=ProxySettings{host=null, port=null, username=null, password=null}}, heartbeatSocketSettings=SocketSettings{connectTimeoutMS=10000, readTimeoutMS=10000, receiveBufferSize=0, proxySettings=ProxySettings{host=null, port=null, username=null, password=null}}, connectionPoolSettings=ConnectionPoolSettings{maxSize=100, minSize=0, maxWaitTimeMS=120000, maxConnectionLifeTimeMS=0, maxConnectionIdleTimeMS=0, maintenanceInitialDelayMS=0, maintenanceFrequencyMS=60000, connectionPoolListeners=[], maxConnecting=2}, serverSettings=ServerSettings{heartbeatFrequencyMS=10000, minHeartbeatFrequencyMS=500, serverListeners='[]', serverMonitorListeners='[]'}, sslSettings=SslSettings{enabled=false, invalidHostNameAllowed=false, context=null}, applicationName='null', compressorList=[], uuidRepresentation=JAVA_LEGACY, serverApi=null, autoEncryptionSettings=null, dnsClient=null, inetAddressResolver=null, contextProvider=null}
2025-06-20T16:13:54.266-03:00  INFO 20044 --- [.internal:49309] org.mongodb.driver.cluster               : Monitor thread successfully connected to server with description ServerDescription{address=kubernetes.docker.internal:49309, type=STANDALONE, state=CONNECTED, ok=true, minWireVersion=0, maxWireVersion=21, maxDocumentSize=16777216, logicalSessionTimeoutMinutes=30, roundTripTimeNanos=32362000}
2025-06-20T16:13:54.492-03:00 DEBUG 20044 --- [           main] .m.c.i.MongoPersistentEntityIndexCreator : Analyzing class class com.municipal.model.Secretaria for index information
2025-06-20T16:13:54.540-03:00  INFO 20044 --- [       Thread-4] d.f.e.m.s.autoconfigure.EmbeddedMongo    : {"t":{"$date":"2025-06-20T16:13:54.540-03:00"},"s":"I",  "c":"NETWORK",  "id":22943,   "ctx":"listener","msg":"Connection accepted","attr":{"remote":"127.0.0.1:49679","uuid":{"uuid":{"$uuid":"19b9e14c-63c5-4341-b87b-7be7fe8dfa4b"}},"connectionId":3,"connectionCount":3}}
2025-06-20T16:13:54.541-03:00  INFO 20044 --- [       Thread-4] d.f.e.m.s.autoconfigure.EmbeddedMongo    : {"t":{"$date":"2025-06-20T16:13:54.541-03:00"},"s":"I",  "c":"NETWORK",  "id":51800,   "ctx":"conn3","msg":"client metadata","attr":{"remote":"127.0.0.1:49679","client":"conn3","doc":{"driver":{"name":"mongo-java-driver|sync|spring-boot","version":"4.11.1"},"os":{"type":"Windows","name":"Windows 11","architecture":"amd64","version":"10.0"},"platform":"Java/Oracle Corporation/21.0.7+8-LTS-245"}}}
2025-06-20T16:13:54.550-03:00  INFO 20044 --- [       Thread-4] d.f.e.m.s.autoconfigure.EmbeddedMongo    : {"t":{"$date":"2025-06-20T16:13:54.550-03:00"},"s":"I",  "c":"NETWORK",  "id":6788700, "ctx":"conn3","msg":"Received first command on ingress connection since session start or auth handshake","attr":{"elapsedMillis":8}}
2025-06-20T16:13:54.550-03:00  INFO 20044 --- [       Thread-4] d.f.e.m.s.autoconfigure.EmbeddedMongo    : {"t":{"$date":"2025-06-20T16:13:54.550-03:00"},"s":"I",  "c":"STORAGE",  "id":20320,   "ctx":"conn3","msg":"createCollection","attr":{"namespace":"municipal-test-db.secretarias","uuidDisposition":"generated","uuid":{"uuid":{"$uuid":"d14d1046-89b6-4015-ab74-b1dc57766592"}},"options":{}}}
2025-06-20T16:13:54.553-03:00  INFO 20044 --- [       Thread-4] d.f.e.m.s.autoconfigure.EmbeddedMongo    : {"t":{"$date":"2025-06-20T16:13:54.554-03:00"},"s":"I",  "c":"REPL",     "id":7360102, "ctx":"conn3","msg":"Added oplog entry for create to transaction","attr":{"namespace":"municipal-test-db.$cmd","uuid":{"uuid":{"$uuid":"d14d1046-89b6-4015-ab74-b1dc57766592"}},"object":{"create":"secretarias","idIndex":{"v":2,"key":{"_id":1},"name":"_id_"}}}}
2025-06-20T16:13:54.554-03:00  INFO 20044 --- [       Thread-4] d.f.e.m.s.autoconfigure.EmbeddedMongo    : {"t":{"$date":"2025-06-20T16:13:54.554-03:00"},"s":"I",  "c":"REPL",     "id":7360100, "ctx":"conn3","msg":"Added oplog entry for createIndexes to transaction","attr":{"namespace":"municipal-test-db.$cmd","uuid":{"uuid":{"$uuid":"d14d1046-89b6-4015-ab74-b1dc57766592"}},"object":{"createIndexes":"secretarias","v":2,"unique":true,"key":{"sigla":1},"name":"sigla"}}}
2025-06-20T16:13:54.558-03:00  INFO 20044 --- [       Thread-4] d.f.e.m.s.autoconfigure.EmbeddedMongo    : {"t":{"$date":"2025-06-20T16:13:54.558-03:00"},"s":"I",  "c":"INDEX",    "id":20345,   "ctx":"conn3","msg":"Index build: done building","attr":{"buildUUID":null,"collectionUUID":{"uuid":{"$uuid":"d14d1046-89b6-4015-ab74-b1dc57766592"}},"namespace":"municipal-test-db.secretarias","index":"_id_","ident":"index-8--5389136238463894933","collectionIdent":"collection-7--5389136238463894933","commitTimestamp":null}}
2025-06-20T16:13:54.558-03:00  INFO 20044 --- [       Thread-4] d.f.e.m.s.autoconfigure.EmbeddedMongo    : {"t":{"$date":"2025-06-20T16:13:54.558-03:00"},"s":"I",  "c":"INDEX",    "id":20345,   "ctx":"conn3","msg":"Index build: done building","attr":{"buildUUID":null,"collectionUUID":{"uuid":{"$uuid":"d14d1046-89b6-4015-ab74-b1dc57766592"}},"namespace":"municipal-test-db.secretarias","index":"sigla","ident":"index-9--5389136238463894933","collectionIdent":"collection-7--5389136238463894933","commitTimestamp":null}}
2025-06-20T16:13:54.560-03:00 DEBUG 20044 --- [           main] .m.c.i.MongoPersistentEntityIndexCreator : Analyzing class class com.municipal.model.Servidor for index information
2025-06-20T16:13:55.337-03:00  INFO 20044 --- [           main] c.m.controller.SecretariaControllerTest  : Started SecretariaControllerTest in 49.797 seconds (process running for 50.546)
2025-06-20T16:13:56.014-03:00  INFO 20044 --- [           main] o.s.b.t.m.w.SpringBootMockServletContext : Initializing Spring TestDispatcherServlet ''
2025-06-20T16:13:56.014-03:00  INFO 20044 --- [           main] o.s.t.web.servlet.TestDispatcherServlet  : Initializing Servlet ''
2025-06-20T16:13:56.015-03:00  INFO 20044 --- [           main] o.s.t.web.servlet.TestDispatcherServlet  : Completed initialization in 1 ms
2025-06-20T16:13:56.025-03:00 DEBUG 20044 --- [           main] o.s.data.mongodb.core.MongoTemplate      : Remove using query: {} in collection: secretarias.
2025-06-20T16:13:56.059-03:00 DEBUG 20044 --- [           main] o.s.data.mongodb.core.MongoTemplate      : Inserting Document containing fields: [nome, sigla, createdAt, updatedAt, _class] in collection: secretarias
2025-06-20T16:13:56.209-03:00  INFO 20044 --- [           main] c.m.controller.SecretariaController      : PUT /api/secretarias/6855b2f4f980661f87d2ce2e - Atualizando secretaria
2025-06-20T16:13:56.209-03:00 DEBUG 20044 --- [           main] c.municipal.service.SecretariaService    : Atualizando secretaria - ID: 6855b2f4f980661f87d2ce2e
2025-06-20T16:13:56.209-03:00 DEBUG 20044 --- [           main] c.municipal.service.SecretariaService    : Buscando secretaria com ID: 6855b2f4f980661f87d2ce2e
2025-06-20T16:13:56.213-03:00 DEBUG 20044 --- [           main] o.s.data.mongodb.core.MongoTemplate      : findOne using query: { "id" : "6855b2f4f980661f87d2ce2e"} fields: Document{{}} for class: class com.municipal.model.Secretaria in collection: secretarias
2025-06-20T16:13:56.237-03:00 DEBUG 20044 --- [           main] o.s.d.m.r.query.MongoQueryCreator        : Created query Query: { "sigla" : { "$regularExpression" : { "pattern" : "^SME$", "options" : "i"}}, "id" : { "$ne" : "6855b2f4f980661f87d2ce2e"}}, Fields: {}, Sort: {}
2025-06-20T16:13:56.241-03:00 DEBUG 20044 --- [           main] o.s.data.mongodb.core.MongoTemplate      : Executing count: { "sigla" : { "$regularExpression" : { "pattern" : "^SME$", "options" : "i"}}, "_id" : { "$ne" : { "$oid" : "6855b2f4f980661f87d2ce2e"}}} in collection: secretarias
2025-06-20T16:13:56.250-03:00 DEBUG 20044 --- [           main] o.s.data.mongodb.core.MongoTemplate      : Saving Document containing fields: [_id, nome, sigla, createdAt, updatedAt, _class]
2025-06-20T16:13:56.254-03:00  INFO 20044 --- [           main] c.municipal.service.SecretariaService    : Secretaria atualizada com sucesso - ID: 6855b2f4f980661f87d2ce2e, Sigla: SME
2025-06-20T16:13:56.254-03:00  INFO 20044 --- [           main] c.m.controller.SecretariaController      : PUT /api/secretarias/6855b2f4f980661f87d2ce2e - Secretaria atualizada com sucesso: Sigla=SME
]]></system-out>
    <system-err><![CDATA[WARNING: A Java agent has been loaded dynamically (C:\Users\andre\.m2\repository\net\bytebuddy\byte-buddy-agent\1.14.10\byte-buddy-agent-1.14.10.jar)
WARNING: If a serviceability tool is in use, please run with -XX:+EnableDynamicAgentLoading to hide this warning
WARNING: If a serviceability tool is not in use, please run with -Djdk.instrument.traceUsage for more information
WARNING: Dynamic loading of agents will be disallowed by default in a future release
]]></system-err>
  </testcase>
</testsuite>